Arguments: 
  /usr/local/Cellar/node/10.4.1/bin/node /usr/local/Cellar/yarn/1.7.0/libexec/bin/yarn.js add dotenv

PATH: 
  /usr/local/bin:/usr/bin:/bin:/usr/sbin:/sbin

Yarn version: 
  1.7.0

Node version: 
  10.4.1

Platform: 
  darwin x64

Trace: 
  Error [ERR_TLS_CERT_ALTNAME_INVALID]: Hostname/IP does not match certificate's altnames: Host: registry.npm.org. is not in the cert's altnames: DNS:npmsecure.org, DNS:www.npmsecure.org
      at Object.checkServerIdentity (tls.js:229:17)
      at TLSSocket.onConnectSecure (_tls_wrap.js:1065:27)
      at TLSSocket.emit (events.js:182:13)
      at TLSSocket._finishInit (_tls_wrap.js:635:8)

npm manifest: 
  {
    "name": "intern-project",
    "version": "0.0.0",
    "private": true,
    "scripts": {
      "start": "node ./bin/www",
      "devstart": "nodemon ./bin/www"
    },
    "dependencies": {
      "async": "^2.6.1",
      "cookie-parser": "~1.4.3",
      "debug": "~2.6.9",
      "dotenv": "^6.0.0",
      "express": "~4.16.0",
      "http-errors": "~1.6.2",
      "jade": "~1.11.0",
      "mongodb": "^3.0.10",
      "mongoose": "^5.1.5",
      "morgan": "~1.9.0"
    },
    "devDependencies": {
      "nodemon": "^1.17.5"
    }
  }

yarn manifest: 
  No manifest

Lockfile: 
  No lockfile
